pika-android/app/build/intermediates/manifest_merge_blame_file/debug/processDebugMainManifest/manifest-merger-blame-debug-report.txt
1<?xml version="1.0" encoding="utf-8"?>
2<manifest xmlns:android="http://schemas.android.com/apk/res/android"
3    package="com.pika8.engine"
4    android:installLocation="auto"
5    android:versionCode="1"
6    android:versionName="1.0" >
7
8    <uses-sdk
9        android:minSdkVersion="21"
10        android:targetSdkVersion="35" />
11
12    <!-- OpenGL ES 3.0 -->
13    <uses-feature
13-->src\main\AndroidManifest.xml:8:5-78
14        android:glEsVersion="0x00030000"
14-->src\main\AndroidManifest.xml:8:19-51
15        android:required="true" />
15-->src\main\AndroidManifest.xml:8:52-75
16
17    <!-- Touchscreen support -->
18    <uses-feature
18-->src\main\AndroidManifest.xml:11:5-13:36
19        android:name="android.hardware.touchscreen"
19-->src\main\AndroidManifest.xml:12:9-52
20        android:required="false" />
20-->src\main\AndroidManifest.xml:13:9-33
21
22    <!-- Game controller support -->
23    <uses-feature
23-->src\main\AndroidManifest.xml:16:5-18:36
24        android:name="android.hardware.bluetooth"
24-->src\main\AndroidManifest.xml:17:9-50
25        android:required="false" />
25-->src\main\AndroidManifest.xml:18:9-33
26    <uses-feature
26-->src\main\AndroidManifest.xml:19:5-21:36
27        android:name="android.hardware.gamepad"
27-->src\main\AndroidManifest.xml:20:9-48
28        android:required="false" />
28-->src\main\AndroidManifest.xml:21:9-33
29    <uses-feature
29-->src\main\AndroidManifest.xml:22:5-24:36
30        android:name="android.hardware.usb.host"
30-->src\main\AndroidManifest.xml:23:9-49
31        android:required="false" />
31-->src\main\AndroidManifest.xml:24:9-33
32
33    <!-- External mouse input events -->
34    <uses-feature
34-->src\main\AndroidManifest.xml:27:5-29:36
35        android:name="android.hardware.type.pc"
35-->src\main\AndroidManifest.xml:28:9-48
36        android:required="false" />
36-->src\main\AndroidManifest.xml:29:9-33
37
38    <!-- Audio recording support -->
39    <!-- if you want to record audio, uncomment this. -->
40    <!-- <uses-permission android:name="android.permission.RECORD_AUDIO" /> -->
41    <!--
42         <uses-feature
43        android:name="android.hardware.microphone"
44        android:required="false" />
45    -->
46
47
48    <!-- Camera support -->
49    <!-- if you want to record video, uncomment this. -->
50    <!--
51    <uses-permission android:name="android.permission.CAMERA" />
52    <uses-feature android:name="android.hardware.camera" />
53    -->
54
55
56    <!-- Allow downloading to the external storage on Android 5.1 and older -->
57    <!-- <uses-permission android:name="android.permission.WRITE_EXTERNAL_STORAGE" android:maxSdkVersion="22" /> -->
58
59
60    <!-- Allow access to Bluetooth devices -->
61    <!-- Currently this is just for Steam Controller support and requires setting SDL_HINT_JOYSTICK_HIDAPI_STEAM -->
62    <!-- <uses-permission android:name="android.permission.BLUETOOTH" android:maxSdkVersion="30" /> -->
63    <!-- <uses-permission android:name="android.permission.BLUETOOTH_CONNECT" /> -->
64
65
66    <!-- Allow access to the vibrator -->
67    <uses-permission android:name="android.permission.VIBRATE" />
67-->src\main\AndroidManifest.xml:54:5-66
67-->src\main\AndroidManifest.xml:54:22-63
68
69    <!-- Allow access to Internet -->
70    <!-- if you want to connect to the network or internet, uncomment this. -->
71
72    <uses-permission android:name="android.permission.INTERNET" />
72-->src\main\AndroidManifest.xml:59:5-67
72-->src\main\AndroidManifest.xml:59:22-64
73
74    <!--
75     Create a Java class extending SDLActivity and place it in a
76         directory under app/src/main/java matching the package, e.g. app/src/main/java/com/gamemaker/game/MyGame.java
77
78         then replace "SDLActivity" with the name of your class (e.g. "MyGame")
79         in the XML below.
80
81         An example Java class can be found in README-android.md
82    -->
83    <application
83-->src\main\AndroidManifest.xml:70:5-103:19
84        android:allowBackup="true"
84-->src\main\AndroidManifest.xml:72:9-35
85        android:debuggable="true"
86        android:enableOnBackInvokedCallback="false"
86-->src\main\AndroidManifest.xml:74:9-52
87        android:extractNativeLibs="true"
88        android:hardwareAccelerated="true"
88-->src\main\AndroidManifest.xml:75:9-43
89        android:icon="@mipmap/ic_launcher"
89-->src\main\AndroidManifest.xml:71:9-43
90        android:label="pika-8"
90-->src\main\AndroidManifest.xml:70:18-40
91        android:theme="@style/AppTheme" >
91-->src\main\AndroidManifest.xml:73:9-40
92
93        <!--
94        Example of setting SDL hints from AndroidManifest.xml:
95        <meta-data android:name="SDL_ENV.SDL_ANDROID_TRAP_BACK_BUTTON" android:value="0"/>
96        -->
97
98        <activity
98-->src\main\AndroidManifest.xml:81:9-102:20
99            android:name="org.libsdl.app.SDLActivity"
99-->src\main\AndroidManifest.xml:81:19-60
100            android:alwaysRetainTaskState="true"
100-->src\main\AndroidManifest.xml:83:13-49
101            android:configChanges="layoutDirection|locale|orientation|uiMode|screenLayout|screenSize|smallestScreenSize|keyboard|keyboardHidden|navigation"
101-->src\main\AndroidManifest.xml:86:13-156
102            android:exported="true"
102-->src\main\AndroidManifest.xml:87:13-36
103            android:label="pika-8"
103-->src\main\AndroidManifest.xml:82:13-35
104            android:launchMode="singleInstance"
104-->src\main\AndroidManifest.xml:84:13-48
105            android:screenOrientation="landscape"
105-->src\main\AndroidManifest.xml:85:13-50
106            android:windowSoftInputMode="adjustPan" >
106-->src\main\AndroidManifest.xml:88:13-52
107            <intent-filter>
107-->src\main\AndroidManifest.xml:89:13-92:29
108                <action android:name="android.intent.action.MAIN" />
108-->src\main\AndroidManifest.xml:90:17-69
108-->src\main\AndroidManifest.xml:90:25-66
109
110                <category android:name="android.intent.category.LAUNCHER" />
110-->src\main\AndroidManifest.xml:91:17-77
110-->src\main\AndroidManifest.xml:91:27-74
111            </intent-filter>
112
113            <!-- Drop file event -->
114            <!--
115            <intent-filter>
116                <action android:name="android.intent.action.VIEW" />
117                <category android:name="android.intent.category.DEFAULT" />
118                <data android:mimeType="*/*" />
119            </intent-filter>
120            -->
121        </activity>
122    </application>
123
124</manifest>